<?xml version="1.0" encoding="UTF-8"?>
<!-- Generated by org.testng.reporters.JUnitXMLReporter -->
<testsuite ignored="0" hostname="USQROCOROZCOMA1" failures="0" tests="3" name="androidpixel8" time="22.217" errors="0" timestamp="2024-09-19T12:41:10 CST">
  <testcase classname="com.qa.tests.LoginTests" name="invalidPassword" time="0.0">
    <skipped/>
  </testcase> <!-- invalidPassword -->
  <testcase classname="com.qa.tests.LoginTests" name="invalidUserName" time="0.0">
    <skipped/>
  </testcase> <!-- invalidUserName -->
  <testcase classname="com.qa.tests.LoginTests" name="successfullLogin" time="0.0">
    <skipped/>
  </testcase> <!-- successfullLogin -->
</testsuite> <!-- androidpixel8 -->
