<?xml version="1.0" encoding="UTF-8"?>
<!-- Generated by org.testng.reporters.JUnitXMLReporter -->
<testsuite ignored="0" hostname="USQROCOROZCOMA1" failures="0" tests="3" name="Test" time="78.15" errors="0" timestamp="2024-09-18T21:21:25 CST">
  <testcase classname="com.qa.tests.LoginTests" name="invalidPassword" time="19.349"/>
  <testcase classname="com.qa.tests.LoginTests" name="invalidUserName" time="18.07"/>
  <testcase classname="com.qa.tests.LoginTests" name="successfullLogin" time="21.424"/>
</testsuite> <!-- Test -->
