<?xml version="1.0" encoding="UTF-8"?>
<!-- Generated by org.testng.reporters.JUnitXMLReporter -->
<testsuite ignored="2" hostname="USQROCOROZCOMA1" failures="0" tests="1" name="androidpixel8a" time="41.472" errors="0" timestamp="2024-09-21T14:34:45 CST">
  <testcase classname="com.qa.tests.LoginTests" name="invalidUserName" time="20.055"/>
  <testcase classname="com.qa.tests.LoginTests" name="successfullLogin" time="0.0">
    <ignored/>
  </testcase> <!-- successfullLogin -->
  <testcase classname="com.qa.tests.LoginTests" name="invalidPassword" time="0.0">
    <ignored/>
  </testcase> <!-- invalidPassword -->
</testsuite> <!-- androidpixel8a -->
