<?xml version="1.0" encoding="UTF-8"?>
<testsuite xmlns:xsi="http://www.w3.org/2001/XMLSchema-instance" xsi:noNamespaceSchemaLocation="https://maven.apache.org/surefire/maven-surefire-plugin/xsd/surefire-test-report.xsd" version="3.0.2" name="TestSuite" time="50.202" tests="1" errors="0" skipped="0" failures="0">
  <properties>
[...]
</properties>
  <testcase name="invalidUserName" classname="com.qa.tests.LoginTests" time="20.054">
    <system-out><![CDATA[Tried to attach logging to file 'C:\Users\corozcomartinez\Appium_Projects\TDDFramework\ServerLogs\server.log' but an error occurred: EBUSY: resource busy or locked, unlink 'C:\Users\corozcomartinez\Appium_Projects\TDDFramework\ServerLogs\server.log'
&amp#27;[38;5;112m[Appium]&amp#27;[0m Welcome to Appium v2.11.3
&amp#27;[38;5;112m[Appium]&amp#27;[0m The autodetected Appium home path: C:\Users\corozcomartinez\.appium
&amp#27;[38;5;112m[Appium]&amp#27;[0m Attempting to load driver uiautomator2...
&amp#27;[38;5;112m[Appium]&amp#27;[0m Requiring driver at C:\Users\corozcomartinez\.appium\node_modules\appium-uiautomator2-driver\build\index.js
&amp#27;[38;5;112m[Appium]&amp#27;[0m AndroidUiautomator2Driver has been successfully loaded in 1.939s
&amp#27;[38;5;112m[Appium]&amp#27;[0m Appium REST http interface listener started on http://0.0.0.0:4723
&amp#27;[38;5;112m[Appium]&amp#27;[0m You can provide the following URLs in your client code to connect to this server:
	http://192.168.100.58:4723/
	http://127.0.0.1:4723/ (only accessible from the same host)
&amp#27;[38;5;112m[Appium]&amp#27;[0m Available drivers:
&amp#27;[38;5;112m[Appium]&amp#27;[0m   - uiautomator2@3.7.9 (automationName 'UiAutomator2')
&amp#27;[38;5;112m[Appium]&amp#27;[0m No plugins have been installed. Use the "appium plugin" command to install the one(s) you want to use.
&amp#27;[38;5;86m[HTTP]&amp#27;[0m &amp#27;[37m-->&amp#27;[39m &amp#27;[37mGET&amp#27;[39m &amp#27;[37m/status&amp#27;[39m &amp#27;[90m{}&amp#27;[39m
&amp#27;[38;5;123m[AppiumDriver@a47c]&amp#27;[0m Calling AppiumDriver.getStatus() with args: []
&amp#27;[38;5;123m[AppiumDriver@a47c]&amp#27;[0m Responding to client with driver.getStatus() result: {"ready":true,"message":"The server is ready to accept new connections","build":{"version":"2.11.3"}}
&amp#27;[38;5;86m[HTTP]&amp#27;[0m &amp#27;[37m<-- GET /status &amp#27;[39m&amp#27;[32m200&amp#27;[39m &amp#27;[90m5 ms - 111&amp#27;[39m &amp#27;[90m&amp#27;[39m
server already running
[INFO ] 2024-09-21 14:34:03.292 com.qa.BaseTest:207 - This is Info Message
[ERROR] 2024-09-21 14:34:03.297 com.qa.BaseTest:208 - This is error Message
[DEBUG] 2024-09-21 14:34:03.297 com.qa.BaseTest:209 - This is debug Message
[WARN ] 2024-09-21 14:34:03.298 com.qa.BaseTest:210 - This is warning Message
Session ID: e087e764-2d9c-48aa-9b3a-4590946f7a0e
start of recording
start of login before method

*********Starting Test: invalidUserName***********

Login With invalidusername
Login With secret_sauce
Login pressing [[AndroidDriver:  on ANDROID (e087e764-2d9c-48aa-9b3a-4590946f7a0e)] -> accessibility id: test-LOGIN]
getting error text [[AndroidDriver:  on ANDROID (e087e764-2d9c-48aa-9b3a-4590946f7a0e)] -> xpath: //android.widget.TextView[@text="Username and password do not match any user in this service."]]
Actual Error Text: Username and password do not match any user in this service.
Expected Error Text: Username and password do not match any user in this service.
]]></system-out>
  </testcase>
</testsuite>