<?xml version="1.0" encoding="UTF-8"?>
<testng-results ignored="0" total="1" passed="1" failed="0" skipped="0">
  <reporter-output>
  </reporter-output>
  <suite started-at="2024-09-21T14:34:03 CST" name="Suite" finished-at="2024-09-21T14:34:44 CST" duration-ms="41472">
    <groups>
    </groups>
    <test started-at="2024-09-21T14:34:03 CST" name="androidpixel8a" finished-at="2024-09-21T14:34:44 CST" duration-ms="41472">
      <class name="com.qa.tests.LoginTests">
        <test-method is-config="true" signature="beforeSuite()[pri:0, instance:com.qa.tests.LoginTests@3d9f6567]" started-at="2024-09-21T14:33:56 CST" name="beforeSuite" finished-at="2024-09-21T14:34:03 CST" duration-ms="7054" status="PASS">
          <reporter-output>
          </reporter-output>
        </test-method> <!-- beforeSuite -->
        <test-method is-config="true" signature="beforeTest(java.lang.String,java.lang.String,java.lang.String,java.lang.String)[pri:0, instance:com.qa.tests.LoginTests@3d9f6567]" started-at="2024-09-21T14:34:03 CST" name="beforeTest" finished-at="2024-09-21T14:34:17 CST" duration-ms="13861" status="PASS">
          <params>
            <param index="0">
              <value>
                <![CDATA[true]]>
              </value>
            </param>
            <param index="1">
              <value>
                <![CDATA[emulator-5554]]>
              </value>
            </param>
            <param index="2">
              <value>
                <![CDATA[Android]]>
              </value>
            </param>
            <param index="3">
              <value>
                <![CDATA[Pixel_8a]]>
              </value>
            </param>
          </params>
          <reporter-output>
          </reporter-output>
        </test-method> <!-- beforeTest -->
        <test-method is-config="true" signature="beforeClass()[pri:0, instance:com.qa.tests.LoginTests@3d9f6567]" started-at="2024-09-21T14:34:17 CST" name="beforeClass" finished-at="2024-09-21T14:34:20 CST" duration-ms="2926" status="PASS">
          <reporter-output>
          </reporter-output>
        </test-method> <!-- beforeClass -->
        <test-method is-config="true" signature="beforeMethod()[pri:0, instance:com.qa.tests.LoginTests@3d9f6567]" started-at="2024-09-21T14:34:20 CST" name="beforeMethod" finished-at="2024-09-21T14:34:21 CST" duration-ms="1417" status="PASS">
          <reporter-output>
          </reporter-output>
        </test-method> <!-- beforeMethod -->
        <test-method is-config="true" signature="beforeMethod(java.lang.reflect.Method)[pri:0, instance:com.qa.tests.LoginTests@3d9f6567]" started-at="2024-09-21T14:34:21 CST" name="beforeMethod" finished-at="2024-09-21T14:34:21 CST" duration-ms="31" status="PASS">
          <params>
            <param index="0">
              <value>
                <![CDATA[public void com.qa.tests.LoginTests.invalidUserName() throws java.lang.InterruptedException]]>
              </value>
            </param>
          </params>
          <reporter-output>
          </reporter-output>
        </test-method> <!-- beforeMethod -->
        <test-method signature="invalidUserName()[pri:0, instance:com.qa.tests.LoginTests@3d9f6567]" started-at="2024-09-21T14:34:21 CST" name="invalidUserName" finished-at="2024-09-21T14:34:41 CST" duration-ms="20055" status="PASS">
          <reporter-output>
          </reporter-output>
        </test-method> <!-- invalidUserName -->
        <test-method is-config="true" signature="afterMethod()[pri:0, instance:com.qa.tests.LoginTests@3d9f6567]" started-at="2024-09-21T14:34:41 CST" name="afterMethod" finished-at="2024-09-21T14:34:41 CST" duration-ms="1" status="PASS">
          <reporter-output>
          </reporter-output>
        </test-method> <!-- afterMethod -->
        <test-method is-config="true" signature="afterMethod(org.testng.ITestResult)[pri:0, instance:com.qa.tests.LoginTests@3d9f6567]" started-at="2024-09-21T14:34:41 CST" name="afterMethod" finished-at="2024-09-21T14:34:43 CST" duration-ms="1775" status="PASS">
          <params>
            <param index="0">
              <value>
                <![CDATA[[TestResult name=invalidUserName status=SUCCESS method=LoginTests.invalidUserName()[pri:0, instance:com.qa.tests.LoginTests@3d9f6567] output={null}]]]>
              </value>
            </param>
          </params>
          <reporter-output>
          </reporter-output>
        </test-method> <!-- afterMethod -->
        <test-method is-config="true" signature="afterClass()[pri:0, instance:com.qa.tests.LoginTests@3d9f6567]" started-at="2024-09-21T14:34:43 CST" name="afterClass" finished-at="2024-09-21T14:34:43 CST" duration-ms="1" status="PASS">
          <reporter-output>
          </reporter-output>
        </test-method> <!-- afterClass -->
        <test-method is-config="true" signature="afterTest()[pri:0, instance:com.qa.tests.LoginTests@3d9f6567]" started-at="2024-09-21T14:34:43 CST" name="afterTest" finished-at="2024-09-21T14:34:44 CST" duration-ms="1368" status="PASS">
          <reporter-output>
          </reporter-output>
        </test-method> <!-- afterTest -->
        <test-method is-config="true" signature="afterSuite()[pri:0, instance:com.qa.tests.LoginTests@3d9f6567]" started-at="2024-09-21T14:34:45 CST" name="afterSuite" finished-at="2024-09-21T14:34:45 CST" duration-ms="4" status="PASS">
          <reporter-output>
          </reporter-output>
        </test-method> <!-- afterSuite -->
      </class> <!-- com.qa.tests.LoginTests -->
    </test> <!-- androidpixel8a -->
  </suite> <!-- Suite -->
</testng-results>
